==========episode 0/100==========
total step is: 218
=======
==========episode 1/100==========
total step is: 466
=======
==========episode 2/100==========
total step is: 59
=======
==========episode 3/100==========
total step is: 92
=======
==========episode 4/100==========
total step is: 197
=======
==========episode 5/100==========
total step is: 56
=======
==========episode 6/100==========
total step is: 343
=======
==========episode 7/100==========
total step is: 75
=======
==========episode 8/100==========
total step is: 48
=======
==========episode 9/100==========
total step is: 314
=======
==========episode 10/100==========
total step is: 175
=======
==========episode 11/100==========
total step is: 199
=======
==========episode 12/100==========
total step is: 220
=======
==========episode 13/100==========
total step is: 270
=======
==========episode 14/100==========
total step is: 64
=======
==========episode 15/100==========
total step is: 64
=======
==========episode 16/100==========
total step is: 141
=======
==========episode 17/100==========
total step is: 182
=======
==========episode 18/100==========
total step is: 177
=======
==========episode 19/100==========
total step is: 121
=======
==========episode 20/100==========
total step is: 20
action_list is: ['右', '下', '下', '右', '右', '下', '右', '左', '下', '下', '左', '左', '右', '下', '右', '右', '右', '下', '右', '右']
=======
==========episode 21/100==========
total step is: 403
=======
==========episode 22/100==========
total step is: 92
=======
==========episode 23/100==========
total step is: 105
=======
==========episode 24/100==========
total step is: 99
=======
==========episode 25/100==========
total step is: 298
=======
==========episode 26/100==========
total step is: 55
=======
==========episode 27/100==========
total step is: 272
=======
==========episode 28/100==========
total step is: 74
=======
==========episode 29/100==========
total step is: 127
=======
==========episode 30/100==========
total step is: 163
=======
==========episode 31/100==========
total step is: 110
=======
==========episode 32/100==========
total step is: 112
=======
==========episode 33/100==========
total step is: 24
action_list is: ['上', '右', '上', '右', '右', '下', '左', '下', '右', '左', '左', '右', '下', '下', '右', '下', '右', '上', '下', '右', '下', '下', '右', '右']
=======
==========episode 34/100==========
total step is: 343
=======
==========episode 35/100==========
total step is: 77
=======
==========episode 36/100==========
total step is: 91
=======
==========episode 37/100==========
total step is: 83
=======
==========episode 38/100==========
total step is: 148
=======
==========episode 39/100==========
total step is: 54
=======
==========episode 40/100==========
total step is: 188
=======
==========episode 41/100==========
total step is: 123
=======
==========episode 42/100==========
total step is: 151
=======
==========episode 43/100==========
total step is: 95
=======
==========episode 44/100==========
total step is: 136
=======
==========episode 45/100==========
total step is: 60
=======
==========episode 46/100==========
total step is: 106
=======
==========episode 47/100==========
total step is: 260
=======
==========episode 48/100==========
total step is: 36
=======
==========episode 49/100==========
total step is: 194
=======
==========episode 50/100==========
total step is: 63
=======
==========episode 51/100==========
total step is: 19
action_list is: ['上', '左', '右', '下', '上', '上', '右', '右', '下', '右', '右', '下', '下', '下', '下', '下', '下', '右', '右']
=======
==========episode 52/100==========
total step is: 261
=======
==========episode 53/100==========
total step is: 76
=======
==========episode 54/100==========
total step is: 68
=======
==========episode 55/100==========
total step is: 58
=======
==========episode 56/100==========
total step is: 379
=======
==========episode 57/100==========
total step is: 146
=======
==========episode 58/100==========
total step is: 29
action_list is: ['上', '下', '右', '左', '左', '上', '左', '右', '下', '下', '下', '右', '下', '下', '下', '左', '右', '下', '下', '右', '下', '右', '下', '右', '下', '右', '右', '上', '上']
=======
==========episode 59/100==========
total step is: 87
=======
==========episode 60/100==========
total step is: 68
=======
==========episode 61/100==========
total step is: 70
=======
==========episode 62/100==========
total step is: 120
=======
==========episode 63/100==========
total step is: 88
=======
==========episode 64/100==========
total step is: 89
=======
==========episode 65/100==========
total step is: 53
=======
==========episode 66/100==========
total step is: 193
=======
==========episode 67/100==========
total step is: 82
=======
==========episode 68/100==========
total step is: 83
=======
==========episode 69/100==========
total step is: 71
=======
==========episode 70/100==========
total step is: 122
=======
==========episode 71/100==========
total step is: 113
=======
==========episode 72/100==========
total step is: 121
=======
==========episode 73/100==========
total step is: 90
=======
==========episode 74/100==========
total step is: 77
=======
==========episode 75/100==========
total step is: 82
=======
==========episode 76/100==========
total step is: 250
=======
==========episode 77/100==========
total step is: 36
=======
==========episode 78/100==========
total step is: 31
=======
==========episode 79/100==========
total step is: 138
=======
==========episode 80/100==========
total step is: 106
=======
==========episode 81/100==========
total step is: 127
=======
==========episode 82/100==========
total step is: 71
=======
==========episode 83/100==========
total step is: 21
action_list is: ['右', '上', '右', '右', '下', '下', '左', '右', '上', '右', '左', '下', '下', '下', '下', '下', '下', '右', '右', '右', '右']
=======
==========episode 84/100==========
total step is: 115
=======
==========episode 85/100==========
total step is: 56
=======
==========episode 86/100==========
total step is: 69
=======
==========episode 87/100==========
total step is: 220
=======
==========episode 88/100==========
total step is: 43
=======
==========episode 89/100==========
total step is: 71
=======
==========episode 90/100==========
total step is: 53
=======
==========episode 91/100==========
total step is: 169
=======
==========episode 92/100==========
total step is: 92
=======
==========episode 93/100==========
total step is: 89
=======
==========episode 94/100==========
total step is: 52
=======
==========episode 95/100==========
total step is: 145
=======
==========episode 96/100==========
total step is: 76
=======
==========episode 97/100==========
total step is: 30
=======
==========episode 98/100==========
total step is: 114
=======
==========episode 99/100==========
total step is: 77
=======
==========episode 100/100==========
total step is: 41
=======
==========episode 101/100==========
total step is: 63
=======
==========episode 102/100==========
total step is: 244
=======
==========episode 103/100==========
total step is: 43
=======
==========episode 104/100==========
total step is: 64
=======
==========episode 105/100==========
total step is: 140
=======
==========episode 106/100==========
total step is: 76
=======
==========episode 107/100==========
total step is: 103
=======
==========episode 108/100==========
total step is: 96
=======
==========episode 109/100==========
total step is: 29
action_list is: ['下', '下', '下', '下', '上', '左', '上', '左', '右', '下', '上', '左', '左', '上', '右', '右', '右', '下', '下', '下', '左', '下', '右', '右', '下', '下', '右', '右', '右']
=======
==========episode 110/100==========
total step is: 180
=======
==========episode 111/100==========
total step is: 92
=======
==========episode 112/100==========
total step is: 48
=======
==========episode 113/100==========
total step is: 24
action_list is: ['下', '左', '上', '上', '左', '右', '上', '右', '下', '下', '右', '下', '下', '右', '上', '下', '下', '左', '下', '右', '右', '右', '下', '右']
=======
==========episode 114/100==========
total step is: 72
=======
==========episode 115/100==========
total step is: 73
=======
==========episode 116/100==========
total step is: 68
=======
==========episode 117/100==========
total step is: 99
=======
==========episode 118/100==========
total step is: 78
=======
==========episode 119/100==========
total step is: 64
=======
==========episode 120/100==========
total step is: 44
=======
==========episode 121/100==========
total step is: 86
=======
==========episode 122/100==========
total step is: 49
=======
==========episode 123/100==========
total step is: 101
=======
==========episode 124/100==========
total step is: 51
=======
==========episode 125/100==========
total step is: 126
=======
==========episode 126/100==========
total step is: 186
=======
==========episode 127/100==========
total step is: 87
=======
==========episode 128/100==========
total step is: 52
=======
==========episode 129/100==========
total step is: 157
=======
==========episode 130/100==========
total step is: 26
action_list is: ['上', '左', '右', '右', '上', '右', '上', '右', '下', '右', '下', '左', '右', '下', '左', '左', '右', '下', '上', '右', '下', '下', '下', '右', '下', '右']
=======
==========episode 131/100==========
total step is: 73
=======
==========episode 132/100==========
total step is: 37
=======
==========episode 133/100==========
total step is: 77
=======
==========episode 134/100==========
total step is: 108
=======
==========episode 135/100==========
total step is: 95
=======
==========episode 136/100==========
total step is: 30
=======
==========episode 137/100==========
total step is: 120
=======
==========episode 138/100==========
total step is: 86
=======
==========episode 139/100==========
total step is: 36
=======
==========episode 140/100==========
total step is: 64
=======
==========episode 141/100==========
total step is: 42
=======
==========episode 142/100==========
total step is: 85
=======
==========episode 143/100==========
total step is: 19
action_list is: ['下', '左', '下', '左', '下', '左', '右', '下', '下', '下', '上', '右', '下', '右', '右', '下', '右', '右', '右']
=======
==========episode 144/100==========
total step is: 124
=======
==========episode 145/100==========
total step is: 128
=======
==========episode 146/100==========
total step is: 20
action_list is: ['左', '下', '下', '左', '下', '右', '右', '左', '下', '下', '左', '右', '右', '下', '下', '右', '右', '右', '右', '右']
=======
==========episode 147/100==========
total step is: 85
=======
==========episode 148/100==========
total step is: 84
=======
==========episode 149/100==========
total step is: 43
=======
==========episode 150/100==========
total step is: 46
=======
==========episode 151/100==========
total step is: 32
=======
==========episode 152/100==========
total step is: 72
=======
==========episode 153/100==========
total step is: 61
=======
==========episode 154/100==========
total step is: 80
=======
==========episode 155/100==========
total step is: 53
=======
==========episode 156/100==========
total step is: 166
=======
==========episode 157/100==========
total step is: 56
=======
==========episode 158/100==========
total step is: 80
=======
==========episode 159/100==========
total step is: 96
=======
==========episode 160/100==========
total step is: 49
=======
==========episode 161/100==========
total step is: 34
=======
==========episode 162/100==========
total step is: 159
=======
==========episode 163/100==========
total step is: 34
=======
==========episode 164/100==========
total step is: 52
=======
==========episode 165/100==========
total step is: 53
=======
==========episode 166/100==========
total step is: 73
=======
==========episode 167/100==========
total step is: 64
=======
==========episode 168/100==========
total step is: 39
=======
==========episode 169/100==========
total step is: 51
=======
==========episode 170/100==========
total step is: 69
=======
==========episode 171/100==========
total step is: 105
=======
==========episode 172/100==========
total step is: 33
=======
==========episode 173/100==========
total step is: 56
=======
==========episode 174/100==========
total step is: 110
=======
==========episode 175/100==========
total step is: 59
=======
==========episode 176/100==========
total step is: 85
=======
==========episode 177/100==========
total step is: 27
action_list is: ['下', '左', '下', '右', '右', '右', '上', '上', '右', '右', '上', '下', '左', '下', '右', '右', '下', '右', '右', '下', '右', '右', '下', '下', '左', '左', '下']
=======
==========episode 178/100==========
total step is: 83
=======
==========episode 179/100==========
total step is: 104
=======
==========episode 180/100==========
total step is: 59
=======
==========episode 181/100==========
total step is: 46
=======
==========episode 182/100==========
total step is: 23
action_list is: ['下', '左', '右', '下', '上', '右', '右', '右', '下', '下', '右', '下', '上', '右', '下', '左', '下', '上', '右', '右', '下', '下', '下']
=======
==========episode 183/100==========
total step is: 72
=======
==========episode 184/100==========
total step is: 90
=======
==========episode 185/100==========
total step is: 26
action_list is: ['下', '右', '上', '下', '下', '右', '上', '左', '右', '右', '下', '上', '左', '下', '右', '下', '下', '下', '右', '右', '左', '下', '下', '右', '右', '右']
=======
==========episode 186/100==========
total step is: 115
=======
==========episode 187/100==========
total step is: 96
=======
==========episode 188/100==========
total step is: 81
=======
==========episode 189/100==========
total step is: 37
=======
==========episode 190/100==========
total step is: 52
=======
==========episode 191/100==========
total step is: 58
=======
==========episode 192/100==========
total step is: 84
=======
==========episode 193/100==========
total step is: 42
=======
==========episode 194/100==========
total step is: 57
=======
==========episode 195/100==========
total step is: 72
=======
==========episode 196/100==========
total step is: 164
=======
==========episode 197/100==========
total step is: 37
=======
==========episode 198/100==========
total step is: 61
=======
==========episode 199/100==========
total step is: 58
=======
==========episode 200/100==========
total step is: 57
=======
==========episode 201/100==========
total step is: 23
action_list is: ['下', '下', '左', '下', '下', '左', '上', '左', '上', '右', '右', '下', '下', '右', '右', '右', '右', '上', '下', '下', '下', '下', '右']
=======
==========episode 202/100==========
total step is: 63
=======
==========episode 203/100==========
total step is: 43
=======
==========episode 204/100==========
total step is: 117
=======
==========episode 205/100==========
total step is: 47
=======
==========episode 206/100==========
total step is: 80
=======
==========episode 207/100==========
total step is: 56
=======
==========episode 208/100==========
total step is: 17
action_list is: ['下', '左', '下', '右', '下', '右', '下', '下', '上', '右', '右', '下', '下', '右', '右', '下', '右']
=======
==========episode 209/100==========
total step is: 89
=======
==========episode 210/100==========
total step is: 50
=======
==========episode 211/100==========
total step is: 28
action_list is: ['右', '上', '下', '下', '左', '左', '下', '右', '右', '右', '左', '下', '下', '下', '右', '上', '左', '右', '右', '右', '右', '左', '上', '右', '下', '右', '下', '下']
=======
==========episode 212/100==========
total step is: 94
=======
==========episode 213/100==========
total step is: 38
=======
==========episode 214/100==========
total step is: 46
=======
==========episode 215/100==========
total step is: 90
=======
==========episode 216/100==========
total step is: 48
=======
==========episode 217/100==========
total step is: 120
=======
==========episode 218/100==========
total step is: 60
=======
==========episode 219/100==========
total step is: 29
action_list is: ['下', '上', '下', '左', '下', '下', '右', '左', '下', '左', '左', '下', '下', '右', '上', '右', '右', '左', '右', '上', '右', '左', '下', '右', '右', '下', '右', '下', '右']
=======
==========episode 220/100==========
total step is: 108
=======
==========episode 221/100==========
total step is: 101
=======
==========episode 222/100==========
total step is: 33
=======
==========episode 223/100==========
total step is: 36
=======
==========episode 224/100==========
total step is: 70
=======
==========episode 225/100==========
total step is: 59
=======
==========episode 226/100==========
total step is: 47
=======
==========episode 227/100==========
total step is: 92
=======
==========episode 228/100==========
total step is: 43
=======
==========episode 229/100==========
total step is: 19
action_list is: ['下', '左', '下', '右', '下', '左', '下', '上', '下', '下', '下', '下', '右', '右', '右', '右', '右', '右', '右']
=======
==========episode 230/100==========
total step is: 88
=======
==========episode 231/100==========
total step is: 47
=======
==========episode 232/100==========
total step is: 66
=======
==========episode 233/100==========
total step is: 51
=======
==========episode 234/100==========
total step is: 78
=======
==========episode 235/100==========
total step is: 35
=======
==========episode 236/100==========
total step is: 36
=======
==========episode 237/100==========
total step is: 34
=======
==========episode 238/100==========
total step is: 62
=======
==========episode 239/100==========
total step is: 120
=======
==========episode 240/100==========
total step is: 56
=======
==========episode 241/100==========
total step is: 56
=======
==========episode 242/100==========
total step is: 23
action_list is: ['右', '右', '上', '右', '下', '下', '下', '上', '左', '上', '右', '右', '下', '下', '左', '下', '右', '右', '下', '下', '右', '下', '右']
=======
==========episode 243/100==========
total step is: 57
=======
==========episode 244/100==========
total step is: 54
=======
==========episode 245/100==========
total step is: 33
=======
==========episode 246/100==========
total step is: 61
=======
==========episode 247/100==========
total step is: 68
=======
==========episode 248/100==========
total step is: 31
=======
==========episode 249/100==========
total step is: 108
=======
==========episode 250/100==========
total step is: 50
=======
==========episode 251/100==========
total step is: 34
=======
==========episode 252/100==========
total step is: 113
=======
==========episode 253/100==========
total step is: 45
=======
==========episode 254/100==========
total step is: 38
=======
==========episode 255/100==========
total step is: 18
action_list is: ['下', '上', '上', '左', '右', '右', '下', '下', '右', '下', '下', '下', '下', '右', '下', '右', '右', '右']
=======
==========episode 256/100==========
total step is: 141
=======
==========episode 257/100==========
total step is: 44
=======
==========episode 258/100==========
total step is: 87
=======
==========episode 259/100==========
total step is: 89
=======
==========episode 260/100==========
total step is: 28
action_list is: ['上', '右', '上', '下', '右', '下', '左', '右', '右', '下', '右', '右', '右', '右', '下', '左', '上', '下', '右', '上', '左', '左', '下', '右', '下', '下', '下', '右']
=======
==========episode 261/100==========
total step is: 29
action_list is: ['右', '上', '左', '下', '下', '下', '左', '下', '左', '下', '左', '下', '下', '上', '下', '左', '右', '下', '下', '下', '右', '下', '右', '右', '右', '右', '上', '上', '右']
=======
==========episode 262/100==========
total step is: 92
=======
==========episode 263/100==========
total step is: 30
=======
==========episode 264/100==========
total step is: 14
action_list is: ['右', '下', '下', '下', '右', '右', '下', '下', '下', '右', '右', '右', '下', '右']
=======
==========episode 265/100==========
total step is: 64
=======
==========episode 266/100==========
total step is: 55
=======
==========episode 267/100==========
total step is: 107
=======
==========episode 268/100==========
total step is: 37
=======
==========episode 269/100==========
total step is: 18
action_list is: ['上', '左', '右', '下', '右', '下', '右', '下', '右', '右', '下', '上', '右', '下', '下', '下', '下', '右']
=======
==========episode 270/100==========
total step is: 32
=======
==========episode 271/100==========
total step is: 84
=======
==========episode 272/100==========
total step is: 55
=======
==========episode 273/100==========
total step is: 29
action_list is: ['下', '右', '右', '左', '左', '左', '左', '上', '上', '左', '下', '下', '左', '右', '右', '上', '右', '右', '左', '下', '右', '下', '右', '右', '下', '下', '右', '下', '下']
=======
==========episode 274/100==========
total step is: 94
=======
==========episode 275/100==========
total step is: 96
=======
==========episode 276/100==========
total step is: 46
=======
==========episode 277/100==========
total step is: 75
=======
==========episode 278/100==========
total step is: 61
=======
==========episode 279/100==========
total step is: 28
action_list is: ['左', '右', '下', '右', '下', '左', '左', '下', '上', '左', '右', '上', '上', '右', '下', '右', '下', '右', '下', '下', '下', '右', '右', '下', '上', '下', '下', '右']
=======
==========episode 280/100==========
total step is: 54
=======
==========episode 281/100==========
total step is: 91
=======
==========episode 282/100==========
total step is: 36
=======
==========episode 283/100==========
total step is: 47
=======
==========episode 284/100==========
total step is: 30
=======
==========episode 285/100==========
total step is: 29
action_list is: ['右', '上', '左', '下', '右', '下', '上', '上', '下', '下', '左', '上', '上', '右', '右', '下', '右', '下', '下', '下', '右', '上', '右', '下', '下', '右', '下', '下', '右']
=======
==========episode 286/100==========
total step is: 30
=======
==========episode 287/100==========
total step is: 90
=======
==========episode 288/100==========
total step is: 125
=======
==========episode 289/100==========
total step is: 41
=======
==========episode 290/100==========
total step is: 41
=======
==========episode 291/100==========
total step is: 18
action_list is: ['上', '左', '下', '右', '右', '下', '左', '右', '下', '右', '右', '右', '右', '下', '下', '下', '下', '右']
=======
==========episode 292/100==========
total step is: 21
action_list is: ['右', '上', '右', '右', '右', '下', '下', '下', '下', '上', '右', '下', '右', '左', '左', '右', '下', '右', '下', '下', '右']
=======
==========episode 293/100==========
total step is: 49
=======
==========episode 294/100==========
total step is: 63
=======
==========episode 295/100==========
total step is: 45
=======
==========episode 296/100==========
total step is: 96
=======
==========episode 297/100==========
total step is: 39
=======
==========episode 298/100==========
total step is: 72
=======
==========episode 299/100==========
total step is: 39
=======
==========episode 300/100==========
total step is: 39
=======
==========episode 301/100==========
total step is: 35
=======
==========episode 302/100==========
total step is: 35
=======
==========episode 303/100==========
total step is: 64
=======
==========episode 304/100==========
total step is: 46
=======
==========episode 305/100==========
total step is: 90
=======
==========episode 306/100==========
total step is: 60
=======
==========episode 307/100==========
total step is: 31
=======
==========episode 308/100==========
total step is: 24
action_list is: ['上', '左', '右', '右', '右', '下', '下', '下', '下', '上', '左', '下', '右', '下', '下', '上', '左', '右', '右', '右', '右', '下', '下', '右']
=======
==========episode 309/100==========
total step is: 77
=======
==========episode 310/100==========
total step is: 93
=======
==========episode 311/100==========
total step is: 61
=======
==========episode 312/100==========
total step is: 51
=======
==========episode 313/100==========
total step is: 45
=======
==========episode 314/100==========
total step is: 33
=======
==========episode 315/100==========
total step is: 32
=======
==========episode 316/100==========
total step is: 46
=======
==========episode 317/100==========
total step is: 47
=======
==========episode 318/100==========
total step is: 48
=======
==========episode 319/100==========
total step is: 84
=======
==========episode 320/100==========
total step is: 61
=======
==========episode 321/100==========
total step is: 36
=======
==========episode 322/100==========
total step is: 29
action_list is: ['下', '下', '右', '右', '右', '下', '上', '上', '上', '左', '右', '上', '下', '下', '下', '右', '右', '下', '左', '上', '下', '下', '上', '右', '下', '右', '下', '下', '右']
=======
==========episode 323/100==========
total step is: 21
action_list is: ['上', '左', '右', '上', '下', '右', '下', '上', '右', '右', '右', '上', '右', '下', '右', '下', '下', '下', '下', '下', '下']
=======
==========episode 324/100==========
total step is: 67
=======
==========episode 325/100==========
total step is: 23
action_list is: ['下', '下', '下', '右', '左', '上', '左', '右', '下', '右', '右', '下', '下', '下', '下', '左', '下', '右', '上', '右', '右', '右', '右']
=======
==========episode 326/100==========
total step is: 46
=======
==========episode 327/100==========
total step is: 72
=======
==========episode 328/100==========
total step is: 43
=======
==========episode 329/100==========
total step is: 44
=======
==========episode 330/100==========
total step is: 16
action_list is: ['下', '下', '右', '右', '左', '下', '下', '下', '右', '右', '右', '右', '右', '下', '下', '右']
=======
==========episode 331/100==========
total step is: 108
=======
==========episode 332/100==========
total step is: 51
=======
==========episode 333/100==========
total step is: 52
=======
==========episode 334/100==========
total step is: 26
action_list is: ['下', '左', '上', '下', '左', '右', '下', '右', '下', '下', '左', '右', '上', '右', '上', '右', '下', '右', '右', '右', '左', '下', '下', '下', '下', '右']
=======
==========episode 335/100==========
total step is: 49
=======
==========episode 336/100==========
total step is: 64
=======
==========episode 337/100==========
total step is: 64
=======
==========episode 338/100==========
total step is: 45
=======
==========episode 339/100==========
total step is: 48
=======
==========episode 340/100==========
total step is: 66
=======
==========episode 341/100==========
total step is: 32
=======
==========episode 342/100==========
total step is: 26
action_list is: ['下', '左', '右', '左', '上', '右', '下', '左', '下', '左', '上', '右', '右', '下', '下', '右', '下', '下', '上', '下', '右', '右', '右', '下', '下', '右']
=======
==========episode 343/100==========
total step is: 26
action_list is: ['上', '下', '左', '下', '右', '下', '右', '下', '左', '下', '下', '上', '上', '下', '左', '右', '右', '右', '左', '下', '右', '下', '右', '右', '右', '右']
=======
==========episode 344/100==========
total step is: 70
=======
==========episode 345/100==========
total step is: 55
=======
==========episode 346/100==========
total step is: 57
=======
==========episode 347/100==========
total step is: 41
=======
==========episode 348/100==========
total step is: 60
=======
==========episode 349/100==========
total step is: 36
=======
==========episode 350/100==========
total step is: 26
action_list is: ['上', '左', '下', '下', '上', '右', '左', '下', '下', '左', '下', '左', '右', '下', '右', '上', '下', '下', '右', '右', '上', '下', '右', '右', '下', '右']
=======
==========episode 351/100==========
total step is: 48
=======
==========episode 352/100==========
total step is: 57
=======
==========episode 353/100==========
total step is: 68
=======
==========episode 354/100==========
total step is: 70
=======
==========episode 355/100==========
total step is: 24
action_list is: ['右', '下', '左', '上', '下', '左', '下', '下', '下', '下', '左', '右', '上', '右', '右', '下', '右', '右', '右', '下', '左', '右', '下', '右']
=======
==========episode 356/100==========
total step is: 48
=======
==========episode 357/100==========
total step is: 21
action_list is: ['右', '右', '上', '右', '下', '下', '左', '下', '右', '左', '下', '下', '下', '左', '右', '右', '下', '右', '右', '右', '右']
=======
==========episode 358/100==========
total step is: 43
=======
==========episode 359/100==========
total step is: 38
=======
==========episode 360/100==========
total step is: 48
=======
==========episode 361/100==========
total step is: 53
=======
==========episode 362/100==========
total step is: 62
=======
==========episode 363/100==========
total step is: 38
=======
==========episode 364/100==========
total step is: 35
=======
==========episode 365/100==========
total step is: 87
=======
==========episode 366/100==========
total step is: 22
action_list is: ['右', '下', '下', '右', '左', '下', '左', '上', '下', '下', '下', '下', '下', '右', '下', '右', '右', '右', '上', '右', '右', '右']
=======
==========episode 367/100==========
total step is: 67
=======
==========episode 368/100==========
total step is: 42
=======
==========episode 369/100==========
total step is: 36
=======
==========episode 370/100==========
total step is: 57
=======
==========episode 371/100==========
total step is: 27
action_list is: ['下', '下', '右', '下', '上', '左', '下', '左', '下', '左', '上', '右', '下', '下', '左', '左', '右', '右', '右', '下', '右', '下', '右', '右', '上', '下', '右']
=======
==========episode 372/100==========
total step is: 28
action_list is: ['下', '右', '下', '右', '下', '左', '上', '下', '右', '右', '左', '下', '左', '右', '右', '右', '右', '上', '右', '右', '上', '左', '下', '下', '下', '下', '下', '右']
=======
==========episode 373/100==========
total step is: 60
=======
==========episode 374/100==========
total step is: 103
=======
==========episode 375/100==========
total step is: 90
=======
==========episode 376/100==========
total step is: 18
action_list is: ['右', '下', '右', '右', '右', '下', '右', '下', '右', '右', '左', '下', '下', '下', '上', '下', '右', '下']
=======
==========episode 377/100==========
total step is: 17
action_list is: ['下', '右', '下', '左', '左', '右', '下', '右', '右', '右', '右', '下', '下', '右', '下', '下', '右']
=======
==========episode 378/100==========
total step is: 20
action_list is: ['右', '右', '下', '下', '右', '上', '下', '下', '下', '下', '下', '上', '下', '下', '右', '右', '左', '右', '右', '右']
=======
==========episode 379/100==========
total step is: 39
=======
==========episode 380/100==========
total step is: 42
=======
==========episode 381/100==========
total step is: 43
=======
==========episode 382/100==========
total step is: 125
=======
==========episode 383/100==========
total step is: 14
action_list is: ['右', '下', '下', '下', '右', '右', '右', '下', '右', '右', '下', '下', '下', '右']
=======
==========episode 384/100==========
total step is: 57
=======
==========episode 385/100==========
total step is: 33
=======
==========episode 386/100==========
total step is: 48
=======
==========episode 387/100==========
total step is: 76
=======
==========episode 388/100==========
total step is: 34
=======
==========episode 389/100==========
total step is: 27
action_list is: ['下', '左', '右', '右', '右', '右', '右', '下', '右', '下', '左', '上', '左', '左', '下', '左', '下', '右', '右', '右', '下', '右', '下', '左', '右', '下', '右']
=======
==========episode 390/100==========
total step is: 41
=======
==========episode 391/100==========
total step is: 68
=======
==========episode 392/100==========
total step is: 56
=======
==========episode 393/100==========
total step is: 59
=======
==========episode 394/100==========
total step is: 37
=======
==========episode 395/100==========
total step is: 46
=======
==========episode 396/100==========
total step is: 32
=======
==========episode 397/100==========
total step is: 48
=======
==========episode 398/100==========
total step is: 34
=======
==========episode 399/100==========
total step is: 30
=======
==========episode 400/100==========
total step is: 21
action_list is: ['右', '右', '右', '下', '上', '左', '上', '下', '下', '下', '上', '右', '右', '下', '右', '右', '下', '下', '下', '下', '右']
=======
==========episode 401/100==========
total step is: 58
=======
==========episode 402/100==========
total step is: 33
=======
==========episode 403/100==========
total step is: 33
=======
==========episode 404/100==========
total step is: 42
=======
==========episode 405/100==========
total step is: 40
=======
==========episode 406/100==========
total step is: 47
=======
==========episode 407/100==========
total step is: 34
=======
==========episode 408/100==========
total step is: 56
=======
==========episode 409/100==========
total step is: 43
=======
==========episode 410/100==========
total step is: 20
action_list is: ['上', '下', '上', '右', '右', '右', '上', '下', '右', '下', '右', '下', '左', '右', '下', '下', '右', '下', '下', '右']
=======
==========episode 411/100==========
total step is: 31
=======
==========episode 412/100==========
total step is: 71
=======
==========episode 413/100==========
total step is: 35
=======
==========episode 414/100==========
total step is: 32
=======
==========episode 415/100==========
total step is: 32
=======
==========episode 416/100==========
total step is: 30
=======
==========episode 417/100==========
total step is: 70
=======
==========episode 418/100==========
total step is: 130
=======
==========episode 419/100==========
total step is: 23
action_list is: ['上', '左', '右', '上', '右', '下', '下', '左', '右', '右', '左', '下', '下', '下', '下', '下', '上', '右', '右', '右', '右', '下', '右']
=======
==========episode 420/100==========
total step is: 18
action_list is: ['下', '右', '下', '下', '下', '上', '右', '右', '下', '右', '下', '上', '下', '右', '右', '下', '下', '右']
=======
==========episode 421/100==========
total step is: 51
=======
==========episode 422/100==========
total step is: 55
=======
==========episode 423/100==========
total step is: 37
=======
==========episode 424/100==========
total step is: 30
=======
==========episode 425/100==========
total step is: 37
=======
==========episode 426/100==========
total step is: 48
=======
==========episode 427/100==========
total step is: 42
=======
==========episode 428/100==========
total step is: 35
=======
==========episode 429/100==========
total step is: 24
action_list is: ['下', '下', '下', '下', '左', '下', '右', '下', '下', '下', '下', '上', '左', '上', '左', '右', '右', '下', '上', '右', '右', '右', '右', '右']
=======
==========episode 430/100==========
total step is: 65
=======
==========episode 431/100==========
total step is: 21
action_list is: ['上', '左', '下', '左', '右', '右', '下', '左', '右', '右', '右', '上', '右', '下', '下', '右', '下', '下', '下', '下', '右']
=======
==========episode 432/100==========
total step is: 30
=======
==========episode 433/100==========
total step is: 81
=======
==========episode 434/100==========
total step is: 46
=======
==========episode 435/100==========
total step is: 31
=======
==========episode 436/100==========
total step is: 28
action_list is: ['下', '左', '下', '下', '左', '右', '上', '下', '右', '右', '右', '左', '上', '下', '下', '上', '右', '右', '左', '下', '左', '下', '右', '右', '右', '下', '下', '右']
=======
==========episode 437/100==========
total step is: 51
=======
==========episode 438/100==========
total step is: 30
=======
==========episode 439/100==========
total step is: 37
=======
==========episode 440/100==========
total step is: 28
action_list is: ['右', '右', '下', '左', '上', '下', '下', '右', '下', '下', '下', '上', '上', '左', '左', '下', '右', '下', '右', '下', '下', '右', '右', '右', '右', '下', '上', '右']
=======
==========episode 441/100==========
total step is: 81
=======
==========episode 442/100==========
total step is: 26
action_list is: ['右', '下', '左', '下', '上', '下', '下', '上', '右', '上', '下', '下', '右', '右', '右', '右', '上', '左', '下', '下', '右', '右', '下', '下', '下', '右']
=======
==========episode 443/100==========
total step is: 20
action_list is: ['下', '右', '右', '下', '右', '下', '左', '下', '右', '下', '左', '右', '下', '下', '右', '下', '上', '右', '右', '右']
=======
==========episode 444/100==========
total step is: 46
=======
==========episode 445/100==========
total step is: 47
=======
==========episode 446/100==========
total step is: 56
=======
==========episode 447/100==========
total step is: 39
=======
==========episode 448/100==========
total step is: 28
action_list is: ['左', '上', '右', '下', '下', '下', '左', '左', '下', '左', '右', '上', '右', '下', '下', '下', '左', '上', '右', '右', '上', '下', '右', '右', '右', '下', '下', '右']
=======
==========episode 449/100==========
total step is: 74
=======
==========episode 450/100==========
total step is: 25
action_list is: ['右', '下', '右', '右', '左', '下', '上', '左', '左', '右', '上', '右', '上', '下', '右', '右', '下', '右', '下', '下', '下', '右', '下', '下', '右']
=======
==========episode 451/100==========
total step is: 42
=======
==========episode 452/100==========
total step is: 66
=======
==========episode 453/100==========
total step is: 39
=======
==========episode 454/100==========
total step is: 18
action_list is: ['右', '右', '左', '右', '下', '下', '下', '左', '右', '下', '右', '下', '右', '下', '下', '右', '右', '右']
=======
==========episode 455/100==========
total step is: 37
=======
==========episode 456/100==========
total step is: 30
=======
==========episode 457/100==========
total step is: 22
action_list is: ['下', '下', '下', '右', '左', '上', '左', '下', '下', '左', '右', '右', '左', '下', '下', '右', '右', '下', '右', '右', '右', '右']
=======
==========episode 458/100==========
total step is: 25
action_list is: ['下', '右', '右', '右', '左', '左', '左', '左', '下', '右', '下', '下', '左', '下', '下', '右', '上', '右', '右', '下', '右', '下', '右', '右', '右']
=======
==========episode 459/100==========
total step is: 54
=======
==========episode 460/100==========
total step is: 29
action_list is: ['右', '右', '下', '右', '右', '右', '上', '上', '左', '左', '上', '左', '右', '下', '上', '右', '上', '下', '上', '右', '下', '下', '下', '下', '右', '下', '下', '下', '右']
=======
==========episode 461/100==========
total step is: 25
action_list is: ['下', '上', '右', '下', '上', '上', '右', '左', '下', '右', '右', '右', '右', '右', '下', '左', '右', '下', '下', '下', '下', '下', '上', '下', '右']
=======
==========episode 462/100==========
total step is: 36
=======
==========episode 463/100==========
total step is: 68
=======
==========episode 464/100==========
total step is: 31
=======
==========episode 465/100==========
total step is: 40
=======
==========episode 466/100==========
total step is: 30
=======
==========episode 467/100==========
total step is: 36
=======
==========episode 468/100==========
total step is: 41
=======
==========episode 469/100==========
total step is: 52
=======
==========episode 470/100==========
total step is: 32
=======
==========episode 471/100==========
total step is: 57
=======
==========episode 472/100==========
total step is: 20
action_list is: ['上', '左', '下', '上', '右', '右', '上', '右', '上', '下', '右', '下', '下', '右', '右', '右', '下', '下', '下', '下']
=======
==========episode 473/100==========
total step is: 33
=======
==========episode 474/100==========
total step is: 45
=======
==========episode 475/100==========
total step is: 31
=======
==========episode 476/100==========
total step is: 59
=======
==========episode 477/100==========
total step is: 16
action_list is: ['右', '下', '下', '右', '右', '右', '右', '左', '下', '下', '下', '右', '右', '下', '下', '右']
=======
==========episode 478/100==========
total step is: 25
action_list is: ['右', '右', '上', '右', '下', '下', '上', '右', '下', '上', '上', '上', '右', '右', '上', '下', '左', '下', '右', '下', '下', '下', '下', '下', '右']
=======
==========episode 479/100==========
total step is: 35
=======
==========episode 480/100==========
total step is: 57
=======
==========episode 481/100==========
total step is: 60
=======
==========episode 482/100==========
total step is: 37
=======
==========episode 483/100==========
total step is: 59
=======
==========episode 484/100==========
total step is: 46
=======
==========episode 485/100==========
total step is: 26
action_list is: ['下', '下', '左', '右', '左', '下', '左', '下', '右', '右', '下', '上', '右', '下', '右', '左', '下', '上', '右', '右', '右', '下', '下', '下', '上', '右']
=======
==========episode 486/100==========
total step is: 68
=======
==========episode 487/100==========
total step is: 52
=======
==========episode 488/100==========
total step is: 23
action_list is: ['上', '左', '下', '下', '左', '下', '右', '右', '右', '下', '右', '上', '右', '右', '左', '下', '左', '下', '下', '右', '右', '下', '右']
=======
==========episode 489/100==========
total step is: 52
=======
==========episode 490/100==========
total step is: 31
=======
==========episode 491/100==========
total step is: 21
action_list is: ['上', '右', '下', '右', '下', '下', '右', '下', '左', '下', '右', '下', '下', '右', '左', '右', '右', '右', '上', '下', '右']
=======
==========episode 492/100==========
total step is: 51
=======
==========episode 493/100==========
total step is: 34
=======
==========episode 494/100==========
total step is: 30
=======
==========episode 495/100==========
total step is: 44
=======
==========episode 496/100==========
total step is: 22
action_list is: ['右', '上', '右', '上', '右', '上', '右', '上', '下', '下', '下', '右', '左', '下', '下', '左', '右', '右', '右', '下', '下', '右']
=======
==========episode 497/100==========
total step is: 45
=======
==========episode 498/100==========
total step is: 30
=======
==========episode 499/100==========
total step is: 55
=======
game over
                                       0           1           2           3
[5.0, 5.0, 35.0, 35.0]       -107.337861 -107.367406 -107.441576 -107.360462
[45.0, 5.0, 75.0, 35.0]       -85.221371  -85.379881  -85.288123  -85.554631
[45.0, 45.0, 75.0, 75.0]      -73.313352  -72.964351  -72.926336  -73.269171
[85.0, 5.0, 115.0, 35.0]      -67.533705  -67.689777  -67.658009  -68.022097
[5.0, 45.0, 35.0, 75.0]       -86.305766  -85.710387  -85.717534  -85.833244
[5.0, 85.0, 35.0, 115.0]      -69.283629  -69.239514  -69.232652  -69.236562
[5.0, 125.0, 35.0, 155.0]     -56.200048  -56.003611  -55.931509  -55.995404
[45.0, 125.0, 75.0, 155.0]    -49.836477  -49.866834  -49.941475  -49.810603
[45.0, 85.0, 75.0, 115.0]     -61.089342  -61.105129  -61.099462  -61.069288
[85.0, 85.0, 115.0, 115.0]    -51.706926  -51.412555  -51.511645  -51.647141
[125.0, 85.0, 155.0, 115.0]   -42.708503  -42.596727  -42.621254  -42.748083
[165.0, 85.0, 195.0, 115.0]   -35.069105  -34.959422  -34.972292  -35.032689
[205.0, 85.0, 235.0, 115.0]   -28.261379  -28.180878  -28.279557  -28.068238
[205.0, 125.0, 235.0, 155.0]  -21.742746  -21.630415  -21.585035  -21.573802
[165.0, 125.0, 195.0, 155.0]  -28.065088  -28.033997  -28.085436  -28.146781
[125.0, 125.0, 155.0, 155.0]  -35.182714  -35.030137  -35.101273  -35.180593
[125.0, 45.0, 155.0, 75.0]    -49.773912  -49.701491  -49.590609  -49.680782
[165.0, 45.0, 195.0, 75.0]    -40.938354  -40.913108  -41.043495  -41.047041
[205.0, 45.0, 235.0, 75.0]    -34.028379  -33.961755  -33.721248  -33.889687
[125.0, 5.0, 155.0, 35.0]     -54.599875  -54.639709  -54.597589  -54.923262
[85.0, 45.0, 115.0, 75.0]     -60.622942  -60.567224  -60.632176  -60.854060
[45.0, 165.0, 75.0, 195.0]    -40.593859  -40.634246  -40.780627  -40.676161
[5.0, 165.0, 35.0, 195.0]     -45.792194  -45.944014  -45.837538  -45.923707
[45.0, 205.0, 75.0, 235.0]    -32.746848  -32.835034  -32.754662  -32.820773
[85.0, 205.0, 115.0, 235.0]   -27.261293  -27.066491  -27.176632  -27.247936
[45.0, 245.0, 75.0, 275.0]    -26.916409  -26.792176  -26.715235  -27.046361
[45.0, 285.0, 75.0, 315.0]    -22.087921  -22.140201  -22.104817  -22.199508
[85.0, 285.0, 115.0, 315.0]   -17.076475  -17.128235  -17.048796  -16.990210
[85.0, 325.0, 115.0, 355.0]   -15.186309  -15.413731  -15.334536  -15.491709
[45.0, 325.0, 75.0, 355.0]    -19.852890  -19.585884  -19.759507  -19.757748
...                                  ...         ...         ...         ...
[205.0, 325.0, 235.0, 355.0]    0.380506   -1.341485   -1.517281   -1.762515
[245.0, 325.0, 275.0, 355.0]    9.730166   -0.299690   -0.230160   -0.133569
terminal                        0.000000    0.000000    0.000000    0.000000
[205.0, 5.0, 235.0, 35.0]     -37.107083  -37.388774  -37.161129  -37.479998
[165.0, 5.0, 195.0, 35.0]     -45.197020  -45.172452  -45.288017  -45.102923
[245.0, 45.0, 275.0, 75.0]    -27.747861  -27.726048  -27.684709  -27.932678
[245.0, 5.0, 275.0, 35.0]     -31.045167  -31.141425  -31.034785  -31.065693
[285.0, 45.0, 315.0, 75.0]    -24.280797  -23.969285  -23.953367  -23.822749
[325.0, 85.0, 355.0, 115.0]   -17.487517  -17.588269  -17.695730  -17.576708
[325.0, 45.0, 355.0, 75.0]    -21.954809  -21.805834  -21.759400  -21.637246
[365.0, 45.0, 395.0, 75.0]    -20.643254  -20.838785  -20.789075  -20.823707
[365.0, 5.0, 395.0, 35.0]     -23.471224  -23.446414  -23.453408  -23.397385
[325.0, 5.0, 355.0, 35.0]     -24.491452  -24.651373  -24.681720  -24.426361
[285.0, 5.0, 315.0, 35.0]     -27.106334  -27.167912  -27.265412  -26.997133
[5.0, 205.0, 35.0, 235.0]     -37.143906  -37.377634  -37.349876  -37.122453
[5.0, 325.0, 35.0, 355.0]     -23.259937  -23.126379  -22.956669  -22.956274
[5.0, 365.0, 35.0, 395.0]     -21.855552  -21.834012  -21.649638  -21.835838
[45.0, 365.0, 75.0, 395.0]    -18.434446  -18.657141  -18.633623  -18.518628
[325.0, 245.0, 355.0, 275.0]   -0.506773   -0.567460   -0.744107    2.109323
[325.0, 285.0, 355.0, 315.0]   -0.254464   -0.126000    0.000000   12.247898
[325.0, 205.0, 355.0, 235.0]   -2.346485   -2.216902   -2.311724   -1.949047
[365.0, 245.0, 395.0, 275.0]   -1.742879   -1.908522   -1.814375   -1.861172
[365.0, 205.0, 395.0, 235.0]   -4.040644   -3.988942   -4.004558   -3.887815
[365.0, 285.0, 395.0, 315.0]   -0.607403   -0.531677   -0.558792   -0.491446
[325.0, 325.0, 355.0, 355.0]   -0.142569   -0.267751   -0.278889   -0.248427
[325.0, 365.0, 355.0, 395.0]   -0.495554   -0.413151   -0.414421   -0.433606
[365.0, 365.0, 395.0, 395.0]   -0.524730   -0.507786   -0.507786   -0.506516
[285.0, 365.0, 315.0, 395.0]   -0.567032   -0.615636   -0.488558   -0.530591
[285.0, 325.0, 315.0, 355.0]    8.648275    0.000000    0.000000    0.000000
[365.0, 325.0, 395.0, 355.0]   -0.469743   -0.431023   -0.449097   -0.510158

[100 rows x 4 columns]
ok
